Looking for files
   Found hclib.c
   Found hclib.h
   Found makefile
Compiling
   export LD_LIBRARY_PATH=/home/socs/workdir/Grading/Repos/A1/aalyan; clang -std=c99 -Wall -pedantic -c hclib.c -fPIC -o hclib.o 1>> compile.out 2>> compile.err
   export LD_LIBRARY_PATH=/home/socs/workdir/Grading/Repos/A1/aalyan; clang -std=c99 -Wall -pedantic  hclib.o -shared -o libhclib.so 1>> compile.out 2>> compile.err
Looking for targets
   Found libhclib.so
   Compilation succeeded

Beginning testing
=================

Test case 01 (newboard)
Compiling
   clang -std=c99 -Wall -pedantic /home/socs/workdir/Grading/TestSuites/A1/test01.c /home/socs/workdir/Grading/TestSuites/A1/skhclib.o -L. -lhclib -o test01 1>> compile.out 2>> compile.err
   Found test01
   Compilation succeeded
Running test01
   Run output prints (which it shouldn't):
   newboard: Initializing board setup...

   newboard: Board initialization complete.

   Fail!

Test case 02 (copyboard)
Compiling
   clang -std=c99 -Wall -pedantic /home/socs/workdir/Grading/TestSuites/A1/test02.c /home/socs/workdir/Grading/TestSuites/A1/skhclib.o -L. -lhclib -o test02 1>> compile.out 2>> compile.err
   Found test02
   Compilation succeeded
Running test02
   Run output prints (which it shouldn't):
   copyboard: Board copied successfully.

   Fail!

Test case 03 (stringboard)
Compiling
   clang -std=c99 -Wall -pedantic /home/socs/workdir/Grading/TestSuites/A1/test03.c /home/socs/workdir/Grading/TestSuites/A1/skhclib.o -L. -lhclib -o test03 1>> compile.out 2>> compile.err
   Found test03
   Compilation succeeded
Running test03
   Run output prints (which it shouldn't):
   stringboard: Converting board to string...

           

           

           

           

   --------

   rnbqkbnr

   pppppppp

           

           

           

           

   PPPPPPPP

   RNBQKBNR

   --------

           

           

           

           

Valgrind found errors:
  ==2156== Memcheck, a memory error detector
  ==2156== Copyright (C) 2002-2022, and GNU GPL'd, by Julian Seward et al.
  ==2156== Using Valgrind-3.19.0 and LibVEX; rerun with -h for copyright info
  ==2156== Command: ./test03
  ==2156== 
  ==2156== Conditional jump or move depends on uninitialised value(s)
  ==2156==    at 0x4852574: stringboard (in /home/socs/workdir/Grading/Repos/A1/aalyan/libhclib.so)
  ==2156==    by 0x1091E7: main (in /home/socs/workdir/Grading/Repos/A1/aalyan/test03)
  ==2156== 
  ==2156== Conditional jump or move depends on uninitialised value(s)
  ==2156==    at 0x4852629: stringboard (in /home/socs/workdir/Grading/Repos/A1/aalyan/libhclib.so)
  ==2156==    by 0x1091E7: main (in /home/socs/workdir/Grading/Repos/A1/aalyan/test03)
  ==2156== 
  ==2156== Conditional jump or move depends on uninitialised value(s)
  ==2156==    at 0x4852834: stringboard (in /home/socs/workdir/Grading/Repos/A1/aalyan/libhclib.so)
  ==2156==    by 0x1091E7: main (in /home/socs/workdir/Grading/Repos/A1/aalyan/test03)
  ==2156== 
  ==2156== Conditional jump or move depends on uninitialised value(s)
  ==2156==    at 0x48528F0: stringboard (in /home/socs/workdir/Grading/Repos/A1/aalyan/libhclib.so)
  ==2156==    by 0x1091E7: main (in /home/socs/workdir/Grading/Repos/A1/aalyan/test03)
  ==2156== 
  ==2156== 
  ==2156== HEAP SUMMARY:
  ==2156==     in use at exit: 0 bytes in 0 blocks
  ==2156==   total heap usage: 3 allocs, 3 frees, 4,386 bytes allocated
  ==2156== 
  ==2156== All heap blocks were freed -- no leaks are possible
  ==2156== 
  ==2156== Use --track-origins=yes to see where uninitialised values come from
  ==2156== For lists of detected and suppressed errors, rerun with: -s
  ==2156== ERROR SUMMARY: 4 errors from 4 contexts (suppressed: 0 from 0)
   Fail!

Test case 04 (moves)
Compiling
   clang -std=c99 -Wall -pedantic /home/socs/workdir/Grading/TestSuites/A1/test04.c /home/socs/workdir/Grading/TestSuites/A1/skhclib.o -L. -lhclib -o test04 1>> compile.out 2>> compile.err
   Found test04
   Compilation succeeded
Running test04
   Pass!

Test case 05 ((k)nightmoves 1)
Compiling
   clang -std=c99 -Wall -pedantic /home/socs/workdir/Grading/TestSuites/A1/test05.c /home/socs/workdir/Grading/TestSuites/A1/skhclib.o -L. -lhclib -o test05 1>> compile.out 2>> compile.err
   Found test05
   Compilation succeeded
Running test05
   Pass!

Test case 06 ((k)nightmoves 2)
Compiling
   clang -std=c99 -Wall -pedantic /home/socs/workdir/Grading/TestSuites/A1/test06.c /home/socs/workdir/Grading/TestSuites/A1/skhclib.o -L. -lhclib -o test06 1>> compile.out 2>> compile.err
   Found test06
   Compilation succeeded
Running test06
   Pass!

Test case 07 (bishopmoves 1)
Compiling
   clang -std=c99 -Wall -pedantic /home/socs/workdir/Grading/TestSuites/A1/test07.c /home/socs/workdir/Grading/TestSuites/A1/skhclib.o -L. -lhclib -o test07 1>> compile.out 2>> compile.err
   Found test07
   Compilation succeeded
Running test07
   Pass!

Test case 08 (bishopmoves 2)
Compiling
   clang -std=c99 -Wall -pedantic /home/socs/workdir/Grading/TestSuites/A1/test08.c /home/socs/workdir/Grading/TestSuites/A1/skhclib.o -L. -lhclib -o test08 1>> compile.out 2>> compile.err
   Found test08
   Compilation succeeded
Running test08
   Pass!

Test case 09 (rookmoves 1)
Compiling
   clang -std=c99 -Wall -pedantic /home/socs/workdir/Grading/TestSuites/A1/test09.c /home/socs/workdir/Grading/TestSuites/A1/skhclib.o -L. -lhclib -o test09 1>> compile.out 2>> compile.err
   Found test09
   Compilation succeeded
Running test09
   Pass!

Test case 10 (rookmoves 2)
Compiling
   clang -std=c99 -Wall -pedantic /home/socs/workdir/Grading/TestSuites/A1/test10.c /home/socs/workdir/Grading/TestSuites/A1/skhclib.o -L. -lhclib -o test10 1>> compile.out 2>> compile.err
   Found test10
   Compilation succeeded
Running test10
   Pass!

Test case 11 (queenmoves 1)
Compiling
   clang -std=c99 -Wall -pedantic /home/socs/workdir/Grading/TestSuites/A1/test11.c /home/socs/workdir/Grading/TestSuites/A1/skhclib.o -L. -lhclib -o test11 1>> compile.out 2>> compile.err
   Found test11
   Compilation succeeded
Running test11
   Pass!

Test case 12 (queenmoves 2)
Compiling
   clang -std=c99 -Wall -pedantic /home/socs/workdir/Grading/TestSuites/A1/test12.c /home/socs/workdir/Grading/TestSuites/A1/skhclib.o -L. -lhclib -o test12 1>> compile.out 2>> compile.err
   Found test12
   Compilation succeeded
Running test12
   Pass!

Test case 13 (kingmoves 1)
Compiling
   clang -std=c99 -Wall -pedantic /home/socs/workdir/Grading/TestSuites/A1/test13.c /home/socs/workdir/Grading/TestSuites/A1/skhclib.o -L. -lhclib -o test13 1>> compile.out 2>> compile.err
   Missing test13
   Compilation generated errors:
   /usr/bin/ld: /tmp/test13-37e00e.o: in function `main':
test13.c:(.text+0x57): undefined reference to `kingmoves'
clang: error: linker command failed with exit code 1 (use -v to see invocation)

Running test13
   Run generated errors:
   timeout: failed to run command ‘./test13’: No such file or directory

   Fail!

Test case 14 (kingmoves 2)
Compiling
   clang -std=c99 -Wall -pedantic /home/socs/workdir/Grading/TestSuites/A1/test14.c /home/socs/workdir/Grading/TestSuites/A1/skhclib.o -L. -lhclib -o test14 1>> compile.out 2>> compile.err
   Missing test14
   Compilation generated errors:
   /usr/bin/ld: /tmp/test14-a941ea.o: in function `main':
test14.c:(.text+0x67): undefined reference to `kingmoves'
clang: error: linker command failed with exit code 1 (use -v to see invocation)

Running test14
   Run generated errors:
   timeout: failed to run command ‘./test14’: No such file or directory

   Fail!

Test case 15 (pawnmoves 1)
Compiling
   clang -std=c99 -Wall -pedantic /home/socs/workdir/Grading/TestSuites/A1/test15.c /home/socs/workdir/Grading/TestSuites/A1/skhclib.o -L. -lhclib -o test15 1>> compile.out 2>> compile.err
   Missing test15
   Compilation generated errors:
   /usr/bin/ld: /tmp/test15-036d95.o: in function `main':
test15.c:(.text+0x37): undefined reference to `pawnmoves'
clang: error: linker command failed with exit code 1 (use -v to see invocation)

Running test15
   Run generated errors:
   timeout: failed to run command ‘./test15’: No such file or directory

   Fail!

Test case 16 (pawnmoves 2)
Compiling
   clang -std=c99 -Wall -pedantic /home/socs/workdir/Grading/TestSuites/A1/test16.c /home/socs/workdir/Grading/TestSuites/A1/skhclib.o -L. -lhclib -o test16 1>> compile.out 2>> compile.err
   Missing test16
   Compilation generated errors:
   /usr/bin/ld: /tmp/test16-1d61f6.o: in function `main':
test16.c:(.text+0x51): undefined reference to `pawnmoves'
clang: error: linker command failed with exit code 1 (use -v to see invocation)

Running test16
   Run generated errors:
   timeout: failed to run command ‘./test16’: No such file or directory

   Fail!

Found makefile
Correct options
Comments
Indentation levels are: ['', '  ', '    ', '        ', '         ', '            ', '                ', '                    ', '                        ']
Code is indented
Assignment submitted by Aalyan Alam <aalyan@uoguelph.ca>
   at: Tue Sep 24 02:56:31 2024
   0 hours late
   0 points penalty
